# JRE version: OpenJDK Runtime Environment Temurin-11.0.19+7 (11.0.19+7) (build 11.0.19+7)
# Java VM: OpenJDK 64-Bit Server VM Temurin-11.0.19+7 (11.0.19+7, mixed mode, tiered, compressed oops, g1 gc, windows-amd64)
Heap:
 garbage-first heap   total 61440K, used 23306K [0x00000000e0000000, 0x0000000100000000)
  region size 1024K, 6 young (6144K), 3 survivors (3072K)
 Metaspace       used 32803K, capacity 33845K, committed 34048K, reserved 1079296K
  class space    used 3865K, capacity 4289K, committed 4352K, reserved 1048576K
GC Heap History (18 events):
Event: 1.197 GC heap before
{Heap before GC invocations=0 (full 0):
 garbage-first heap   total 61440K, used 6144K [0x00000000e0000000, 0x0000000100000000)
  region size 1024K, 7 young (7168K), 0 survivors (0K)
 Metaspace       used 9075K, capacity 9266K, committed 9472K, reserved 1058816K
  class space    used 883K, capacity 968K, committed 1024K, reserved 1048576K
}
Event: 1.208 GC heap after
{Heap after GC invocations=1 (full 0):
 garbage-first heap   total 61440K, used 2480K [0x00000000e0000000, 0x0000000100000000)
  region size 1024K, 1 young (1024K), 1 survivors (1024K)
 Metaspace       used 9075K, capacity 9266K, committed 9472K, reserved 1058816K
  class space    used 883K, capacity 968K, committed 1024K, reserved 1048576K
}
Event: 1.510 GC heap before
{Heap before GC invocations=1 (full 0):
 garbage-first heap   total 61440K, used 4528K [0x00000000e0000000, 0x0000000100000000)
  region size 1024K, 4 young (4096K), 1 survivors (1024K)
 Metaspace       used 9225K, capacity 9490K, committed 9728K, reserved 1058816K
  class space    used 890K, capacity 1000K, committed 1024K, reserved 1048576K
}
Event: 1.517 GC heap after
{Heap after GC invocations=2 (full 0):
 garbage-first heap   total 61440K, used 4282K [0x00000000e0000000, 0x0000000100000000)
  region size 1024K, 1 young (1024K), 1 survivors (1024K)
 Metaspace       used 9225K, capacity 9490K, committed 9728K, reserved 1058816K
  class space    used 890K, capacity 1000K, committed 1024K, reserved 1048576K
}
Event: 6.987 GC heap before
{Heap before GC invocations=2 (full 0):
 garbage-first heap   total 61440K, used 18618K [0x00000000e0000000, 0x0000000100000000)
  region size 1024K, 14 young (14336K), 1 survivors (1024K)
 Metaspace       used 13292K, capacity 13624K, committed 13824K, reserved 1060864K
  class space    used 1375K, capacity 1445K, committed 1536K, reserved 1048576K
}
Event: 6.999 GC heap after
{Heap after GC invocations=3 (full 0):
 garbage-first heap   total 61440K, used 7884K [0x00000000e0000000, 0x0000000100000000)
  region size 1024K, 2 young (2048K), 2 survivors (2048K)
 Metaspace       used 13292K, capacity 13624K, committed 13824K, reserved 1060864K
  class space    used 1375K, capacity 1445K, committed 1536K, reserved 1048576K
}
Event: 11.756 GC heap before
{Heap before GC invocations=3 (full 0):
 garbage-first heap   total 61440K, used 38604K [0x00000000e0000000, 0x0000000100000000)
  region size 1024K, 32 young (32768K), 2 survivors (2048K)
 Metaspace       used 19946K, capacity 20584K, committed 20736K, reserved 1067008K
  class space    used 2187K, capacity 2436K, committed 2560K, reserved 1048576K
}
Event: 11.773 GC heap after
{Heap after GC invocations=4 (full 0):
 garbage-first heap   total 61440K, used 10468K [0x00000000e0000000, 0x0000000100000000)
  region size 1024K, 4 young (4096K), 4 survivors (4096K)
 Metaspace       used 19946K, capacity 20584K, committed 20736K, reserved 1067008K
  class space    used 2187K, capacity 2436K, committed 2560K, reserved 1048576K
}
Event: 12.598 GC heap before
{Heap before GC invocations=4 (full 0):
 garbage-first heap   total 61440K, used 16612K [0x00000000e0000000, 0x0000000100000000)
  region size 1024K, 11 young (11264K), 4 survivors (4096K)
 Metaspace       used 20559K, capacity 21183K, committed 21248K, reserved 1069056K
  class space    used 2239K, capacity 2508K, committed 2560K, reserved 1048576K
}
Event: 12.617 GC heap after
{Heap after GC invocations=5 (full 0):
 garbage-first heap   total 61440K, used 12323K [0x00000000e0000000, 0x0000000100000000)
  region size 1024K, 2 young (2048K), 2 survivors (2048K)
 Metaspace       used 20559K, capacity 21183K, committed 21248K, reserved 1069056K
  class space    used 2239K, capacity 2508K, committed 2560K, reserved 1048576K
}
Event: 13.518 GC heap before
{Heap before GC invocations=6 (full 0):
 garbage-first heap   total 61440K, used 30755K [0x00000000e0000000, 0x0000000100000000)
  region size 1024K, 20 young (20480K), 2 survivors (2048K)
 Metaspace       used 22115K, capacity 22857K, committed 23040K, reserved 1069056K
  class space    used 2466K, capacity 2749K, committed 2816K, reserved 1048576K
}
Event: 13.526 GC heap after
{Heap after GC invocations=7 (full 0):
 garbage-first heap   total 61440K, used 13072K [0x00000000e0000000, 0x0000000100000000)
  region size 1024K, 3 young (3072K), 3 survivors (3072K)
 Metaspace       used 22115K, capacity 22857K, committed 23040K, reserved 1069056K
  class space    used 2466K, capacity 2749K, committed 2816K, reserved 1048576K
}
Event: 14.762 GC heap before
{Heap before GC invocations=7 (full 0):
 garbage-first heap   total 61440K, used 33552K [0x00000000e0000000, 0x0000000100000000)
  region size 1024K, 23 young (23552K), 3 survivors (3072K)
 Metaspace       used 26017K, capacity 26769K, committed 26880K, reserved 1073152K
  class space    used 2933K, capacity 3220K, committed 3328K, reserved 1048576K
}
Event: 14.775 GC heap after
{Heap after GC invocations=8 (full 0):
 garbage-first heap   total 61440K, used 14026K [0x00000000e0000000, 0x0000000100000000)
  region size 1024K, 2 young (2048K), 2 survivors (2048K)
 Metaspace       used 26017K, capacity 26769K, committed 26880K, reserved 1073152K
  class space    used 2933K, capacity 3220K, committed 3328K, reserved 1048576K
}
Event: 20.300 GC heap before
{Heap before GC invocations=8 (full 0):
 garbage-first heap   total 61440K, used 36554K [0x00000000e0000000, 0x0000000100000000)
  region size 1024K, 24 young (24576K), 2 survivors (2048K)
 Metaspace       used 29319K, capacity 30211K, committed 30464K, reserved 1075200K
  class space    used 3379K, capacity 3739K, committed 3840K, reserved 1048576K
}
Event: 20.309 GC heap after
{Heap after GC invocations=9 (full 0):
 garbage-first heap   total 61440K, used 14807K [0x00000000e0000000, 0x0000000100000000)
  region size 1024K, 2 young (2048K), 2 survivors (2048K)
 Metaspace       used 29319K, capacity 30211K, committed 30464K, reserved 1075200K
  class space    used 3379K, capacity 3739K, committed 3840K, reserved 1048576K
}
Event: 27.714 GC heap before
{Heap before GC invocations=9 (full 0):
 garbage-first heap   total 61440K, used 43479K [0x00000000e0000000, 0x0000000100000000)
  region size 1024K, 25 young (25600K), 2 survivors (2048K)
 Metaspace       used 32552K, capacity 33566K, committed 33792K, reserved 1079296K
  class space    used 3838K, capacity 4261K, committed 4352K, reserved 1048576K
}
Event: 27.722 GC heap after
{Heap after GC invocations=10 (full 0):
 garbage-first heap   total 61440K, used 21258K [0x00000000e0000000, 0x0000000100000000)
  region size 1024K, 3 young (3072K), 3 survivors (3072K)
 Metaspace       used 32552K, capacity 33566K, committed 33792K, reserved 1079296K
  class space    used 3838K, capacity 4261K, committed 4352K, reserved 1048576K
}

