# JRE version: OpenJDK Runtime Environment Temurin-11.0.19+7 (11.0.19+7) (build 11.0.19+7)
# Java VM: OpenJDK 64-Bit Server VM Temurin-11.0.19+7 (11.0.19+7, mixed mode, tiered, compressed oops, g1 gc, windows-amd64)
Heap:
 garbage-first heap   total 262144K, used 91999K [0x00000000e0000000, 0x0000000100000000)
  region size 1024K, 70 young (71680K), 17 survivors (17408K)
 Metaspace       used 59939K, capacity 62085K, committed 62288K, reserved 309248K
  class space    used 7920K, capacity 8692K, committed 8704K, reserved 253952K
GC Heap History (20 events):
Event: 3.036 GC heap before
{Heap before GC invocations=0 (full 0):
 garbage-first heap   total 262144K, used 11264K [0x00000000e0000000, 0x0000000100000000)
  region size 1024K, 12 young (12288K), 0 survivors (0K)
 Metaspace       used 6747K, capacity 6937K, committed 7168K, reserved 262144K
  class space    used 573K, capacity 650K, committed 768K, reserved 253952K
}
Event: 3.050 GC heap after
{Heap after GC invocations=1 (full 0):
 garbage-first heap   total 262144K, used 2985K [0x00000000e0000000, 0x0000000100000000)
  region size 1024K, 2 young (2048K), 2 survivors (2048K)
 Metaspace       used 6747K, capacity 6937K, committed 7168K, reserved 262144K
  class space    used 573K, capacity 650K, committed 768K, reserved 253952K
}
Event: 5.469 GC heap before
{Heap before GC invocations=1 (full 0):
 garbage-first heap   total 262144K, used 15273K [0x00000000e0000000, 0x0000000100000000)
  region size 1024K, 12 young (12288K), 2 survivors (2048K)
 Metaspace       used 9946K, capacity 10173K, committed 10368K, reserved 264192K
  class space    used 988K, capacity 1072K, committed 1152K, reserved 253952K
}
Event: 5.479 GC heap after
{Heap after GC invocations=2 (full 0):
 garbage-first heap   total 262144K, used 9475K [0x00000000e0000000, 0x0000000100000000)
  region size 1024K, 2 young (2048K), 2 survivors (2048K)
 Metaspace       used 9946K, capacity 10173K, committed 10368K, reserved 264192K
  class space    used 988K, capacity 1072K, committed 1152K, reserved 253952K
}
Event: 6.915 GC heap before
{Heap before GC invocations=2 (full 0):
 garbage-first heap   total 262144K, used 23811K [0x00000000e0000000, 0x0000000100000000)
  region size 1024K, 16 young (16384K), 2 survivors (2048K)
 Metaspace       used 11212K, capacity 11451K, committed 11520K, reserved 264192K
  class space    used 1146K, capacity 1242K, committed 1280K, reserved 253952K
}
Event: 6.920 GC heap after
{Heap after GC invocations=3 (full 0):
 garbage-first heap   total 262144K, used 9898K [0x00000000e0000000, 0x0000000100000000)
  region size 1024K, 1 young (1024K), 1 survivors (1024K)
 Metaspace       used 11212K, capacity 11451K, committed 11520K, reserved 264192K
  class space    used 1146K, capacity 1242K, committed 1280K, reserved 253952K
}
Event: 7.874 GC heap before
{Heap before GC invocations=3 (full 0):
 garbage-first heap   total 262144K, used 29354K [0x00000000e0000000, 0x0000000100000000)
  region size 1024K, 20 young (20480K), 1 survivors (1024K)
 Metaspace       used 11359K, capacity 11643K, committed 11776K, reserved 266240K
  class space    used 1148K, capacity 1242K, committed 1280K, reserved 253952K
}
Event: 7.881 GC heap after
{Heap after GC invocations=4 (full 0):
 garbage-first heap   total 262144K, used 14531K [0x00000000e0000000, 0x0000000100000000)
  region size 1024K, 3 young (3072K), 3 survivors (3072K)
 Metaspace       used 11359K, capacity 11643K, committed 11776K, reserved 266240K
  class space    used 1148K, capacity 1242K, committed 1280K, reserved 253952K
}
Event: 13.531 GC heap before
{Heap before GC invocations=4 (full 0):
 garbage-first heap   total 262144K, used 41155K [0x00000000e0000000, 0x0000000100000000)
  region size 1024K, 29 young (29696K), 3 survivors (3072K)
 Metaspace       used 16211K, capacity 16584K, committed 16896K, reserved 270336K
  class space    used 1815K, capacity 1933K, committed 2048K, reserved 253952K
}
Event: 13.546 GC heap after
{Heap after GC invocations=5 (full 0):
 garbage-first heap   total 262144K, used 16603K [0x00000000e0000000, 0x0000000100000000)
  region size 1024K, 3 young (3072K), 3 survivors (3072K)
 Metaspace       used 16211K, capacity 16584K, committed 16896K, reserved 270336K
  class space    used 1815K, capacity 1933K, committed 2048K, reserved 253952K
}
Event: 14.711 GC heap before
{Heap before GC invocations=5 (full 0):
 garbage-first heap   total 262144K, used 52443K [0x00000000e0000000, 0x0000000100000000)
  region size 1024K, 38 young (38912K), 3 survivors (3072K)
 Metaspace       used 20604K, capacity 21082K, committed 21296K, reserved 274432K
  class space    used 2479K, capacity 2648K, committed 2688K, reserved 253952K
}
Event: 14.724 GC heap after
{Heap after GC invocations=6 (full 0):
 garbage-first heap   total 262144K, used 17754K [0x00000000e0000000, 0x0000000100000000)
  region size 1024K, 4 young (4096K), 4 survivors (4096K)
 Metaspace       used 20604K, capacity 21082K, committed 21296K, reserved 274432K
  class space    used 2479K, capacity 2648K, committed 2688K, reserved 253952K
}
Event: 14.754 GC heap before
{Heap before GC invocations=6 (full 0):
 garbage-first heap   total 262144K, used 19802K [0x00000000e0000000, 0x0000000100000000)
  region size 1024K, 7 young (7168K), 4 survivors (4096K)
 Metaspace       used 20713K, capacity 21146K, committed 21296K, reserved 274432K
  class space    used 2496K, capacity 2648K, committed 2688K, reserved 253952K
}
Event: 14.763 GC heap after
{Heap after GC invocations=7 (full 0):
 garbage-first heap   total 262144K, used 17965K [0x00000000e0000000, 0x0000000100000000)
  region size 1024K, 4 young (4096K), 4 survivors (4096K)
 Metaspace       used 20713K, capacity 21146K, committed 21296K, reserved 274432K
  class space    used 2496K, capacity 2648K, committed 2688K, reserved 253952K
}
Event: 26.737 GC heap before
{Heap before GC invocations=8 (full 0):
 garbage-first heap   total 262144K, used 148013K [0x00000000e0000000, 0x0000000100000000)
  region size 1024K, 132 young (135168K), 4 survivors (4096K)
 Metaspace       used 34917K, capacity 35805K, committed 35888K, reserved 286720K
  class space    used 4600K, capacity 4929K, committed 4992K, reserved 253952K
}
Event: 26.770 GC heap after
{Heap after GC invocations=9 (full 0):
 garbage-first heap   total 262144K, used 22846K [0x00000000e0000000, 0x0000000100000000)
  region size 1024K, 9 young (9216K), 9 survivors (9216K)
 Metaspace       used 34917K, capacity 35805K, committed 35888K, reserved 286720K
  class space    used 4600K, capacity 4929K, committed 4992K, reserved 253952K
}
Event: 47.475 GC heap before
{Heap before GC invocations=10 (full 0):
 garbage-first heap   total 262144K, used 173374K [0x00000000e0000000, 0x0000000100000000)
  region size 1024K, 153 young (156672K), 9 survivors (9216K)
 Metaspace       used 50303K, capacity 51692K, committed 51760K, reserved 299008K
  class space    used 6484K, capacity 7000K, committed 7040K, reserved 253952K
}
Event: 47.618 GC heap after
{Heap after GC invocations=11 (full 0):
 garbage-first heap   total 262144K, used 32727K [0x00000000e0000000, 0x0000000100000000)
  region size 1024K, 18 young (18432K), 18 survivors (18432K)
 Metaspace       used 50303K, capacity 51692K, committed 51760K, reserved 299008K
  class space    used 6484K, capacity 7000K, committed 7040K, reserved 253952K
}
Event: 54.394 GC heap before
{Heap before GC invocations=11 (full 0):
 garbage-first heap   total 262144K, used 160727K [0x00000000e0000000, 0x0000000100000000)
  region size 1024K, 144 young (147456K), 18 survivors (18432K)
 Metaspace       used 58164K, capacity 60115K, committed 60240K, reserved 307200K
  class space    used 7641K, capacity 8392K, committed 8448K, reserved 253952K
}
Event: 54.499 GC heap after
{Heap after GC invocations=12 (full 0):
 garbage-first heap   total 262144K, used 39775K [0x00000000e0000000, 0x0000000100000000)
  region size 1024K, 17 young (17408K), 17 survivors (17408K)
 Metaspace       used 58164K, capacity 60115K, committed 60240K, reserved 307200K
  class space    used 7641K, capacity 8392K, committed 8448K, reserved 253952K
}

