# JRE version: OpenJDK Runtime Environment Temurin-11.0.19+7 (11.0.19+7) (build 11.0.19+7)
# Java VM: OpenJDK 64-Bit Server VM Temurin-11.0.19+7 (11.0.19+7, mixed mode, tiered, compressed oops, g1 gc, windows-amd64)
Heap:
 garbage-first heap   total 61440K, used 35599K [0x00000000e0000000, 0x0000000100000000)
  region size 1024K, 26 young (26624K), 3 survivors (3072K)
 Metaspace       used 27625K, capacity 28533K, committed 28672K, reserved 1075200K
  class space    used 3164K, capacity 3540K, committed 3584K, reserved 1048576K
GC Heap History (14 events):
Event: 1.312 GC heap before
{Heap before GC invocations=0 (full 0):
 garbage-first heap   total 61440K, used 6144K [0x00000000e0000000, 0x0000000100000000)
  region size 1024K, 7 young (7168K), 0 survivors (0K)
 Metaspace       used 9057K, capacity 9266K, committed 9472K, reserved 1058816K
  class space    used 883K, capacity 968K, committed 1024K, reserved 1048576K
}
Event: 1.323 GC heap after
{Heap after GC invocations=1 (full 0):
 garbage-first heap   total 61440K, used 2495K [0x00000000e0000000, 0x0000000100000000)
  region size 1024K, 1 young (1024K), 1 survivors (1024K)
 Metaspace       used 9057K, capacity 9266K, committed 9472K, reserved 1058816K
  class space    used 883K, capacity 968K, committed 1024K, reserved 1048576K
}
Event: 1.474 GC heap before
{Heap before GC invocations=1 (full 0):
 garbage-first heap   total 61440K, used 4543K [0x00000000e0000000, 0x0000000100000000)
  region size 1024K, 4 young (4096K), 1 survivors (1024K)
 Metaspace       used 9193K, capacity 9426K, committed 9472K, reserved 1058816K
  class space    used 890K, capacity 1000K, committed 1024K, reserved 1048576K
}
Event: 1.479 GC heap after
{Heap after GC invocations=2 (full 0):
 garbage-first heap   total 61440K, used 4191K [0x00000000e0000000, 0x0000000100000000)
  region size 1024K, 1 young (1024K), 1 survivors (1024K)
 Metaspace       used 9193K, capacity 9426K, committed 9472K, reserved 1058816K
  class space    used 890K, capacity 1000K, committed 1024K, reserved 1048576K
}
Event: 3.169 GC heap before
{Heap before GC invocations=2 (full 0):
 garbage-first heap   total 61440K, used 13407K [0x00000000e0000000, 0x0000000100000000)
  region size 1024K, 11 young (11264K), 1 survivors (1024K)
 Metaspace       used 12706K, capacity 13032K, committed 13312K, reserved 1060864K
  class space    used 1313K, capacity 1416K, committed 1536K, reserved 1048576K
}
Event: 3.177 GC heap after
{Heap after GC invocations=3 (full 0):
 garbage-first heap   total 61440K, used 7262K [0x00000000e0000000, 0x0000000100000000)
  region size 1024K, 2 young (2048K), 2 survivors (2048K)
 Metaspace       used 12706K, capacity 13032K, committed 13312K, reserved 1060864K
  class space    used 1313K, capacity 1416K, committed 1536K, reserved 1048576K
}
Event: 4.227 GC heap before
{Heap before GC invocations=3 (full 0):
 garbage-first heap   total 61440K, used 19550K [0x00000000e0000000, 0x0000000100000000)
  region size 1024K, 15 young (15360K), 2 survivors (2048K)
 Metaspace       used 15223K, capacity 15803K, committed 16000K, reserved 1062912K
  class space    used 1673K, capacity 1841K, committed 1920K, reserved 1048576K
}
Event: 4.239 GC heap after
{Heap after GC invocations=4 (full 0):
 garbage-first heap   total 61440K, used 7757K [0x00000000e0000000, 0x0000000100000000)
  region size 1024K, 1 young (1024K), 1 survivors (1024K)
 Metaspace       used 15223K, capacity 15803K, committed 16000K, reserved 1062912K
  class space    used 1673K, capacity 1841K, committed 1920K, reserved 1048576K
}
Event: 5.583 GC heap before
{Heap before GC invocations=4 (full 0):
 garbage-first heap   total 61440K, used 27213K [0x00000000e0000000, 0x0000000100000000)
  region size 1024K, 20 young (20480K), 1 survivors (1024K)
 Metaspace       used 19521K, capacity 20195K, committed 20352K, reserved 1067008K
  class space    used 2156K, capacity 2432K, committed 2432K, reserved 1048576K
}
Event: 5.593 GC heap after
{Heap after GC invocations=5 (full 0):
 garbage-first heap   total 61440K, used 9715K [0x00000000e0000000, 0x0000000100000000)
  region size 1024K, 3 young (3072K), 3 survivors (3072K)
 Metaspace       used 19521K, capacity 20195K, committed 20352K, reserved 1067008K
  class space    used 2156K, capacity 2432K, committed 2432K, reserved 1048576K
}
Event: 6.618 GC heap before
{Heap before GC invocations=5 (full 0):
 garbage-first heap   total 61440K, used 23027K [0x00000000e0000000, 0x0000000100000000)
  region size 1024K, 18 young (18432K), 3 survivors (3072K)
 Metaspace       used 20551K, capacity 21175K, committed 21248K, reserved 1069056K
  class space    used 2241K, capacity 2527K, committed 2560K, reserved 1048576K
}
Event: 6.634 GC heap after
{Heap after GC invocations=6 (full 0):
 garbage-first heap   total 61440K, used 11996K [0x00000000e0000000, 0x0000000100000000)
  region size 1024K, 4 young (4096K), 4 survivors (4096K)
 Metaspace       used 20551K, capacity 21175K, committed 21248K, reserved 1069056K
  class space    used 2241K, capacity 2527K, committed 2560K, reserved 1048576K
}
Event: 7.590 GC heap before
{Heap before GC invocations=7 (full 0):
 garbage-first heap   total 61440K, used 33500K [0x00000000e0000000, 0x0000000100000000)
  region size 1024K, 25 young (25600K), 4 survivors (4096K)
 Metaspace       used 23338K, capacity 24065K, committed 24192K, reserved 1071104K
  class space    used 2628K, capacity 2918K, committed 2944K, reserved 1048576K
}
Event: 7.605 GC heap after
{Heap after GC invocations=8 (full 0):
 garbage-first heap   total 61440K, used 13071K [0x00000000e0000000, 0x0000000100000000)
  region size 1024K, 3 young (3072K), 3 survivors (3072K)
 Metaspace       used 23338K, capacity 24065K, committed 24192K, reserved 1071104K
  class space    used 2628K, capacity 2918K, committed 2944K, reserved 1048576K
}

