# JRE version: OpenJDK Runtime Environment Temurin-11.0.19+7 (11.0.19+7) (build 11.0.19+7)
# Java VM: OpenJDK 64-Bit Server VM Temurin-11.0.19+7 (11.0.19+7, mixed mode, tiered, compressed oops, g1 gc, windows-amd64)
Heap:
 garbage-first heap   total 262144K, used 38893K [0x00000000e0000000, 0x0000000100000000)
  region size 1024K, 27 young (27648K), 4 survivors (4096K)
 Metaspace       used 22998K, capacity 23533K, committed 23728K, reserved 276480K
  class space    used 2893K, capacity 3067K, committed 3072K, reserved 253952K
GC Heap History (14 events):
Event: 1.760 GC heap before
{Heap before GC invocations=0 (full 0):
 garbage-first heap   total 262144K, used 11264K [0x00000000e0000000, 0x0000000100000000)
  region size 1024K, 12 young (12288K), 0 survivors (0K)
 Metaspace       used 6747K, capacity 6933K, committed 7168K, reserved 262144K
  class space    used 573K, capacity 650K, committed 768K, reserved 253952K
}
Event: 1.774 GC heap after
{Heap after GC invocations=1 (full 0):
 garbage-first heap   total 262144K, used 2987K [0x00000000e0000000, 0x0000000100000000)
  region size 1024K, 2 young (2048K), 2 survivors (2048K)
 Metaspace       used 6747K, capacity 6933K, committed 7168K, reserved 262144K
  class space    used 573K, capacity 650K, committed 768K, reserved 253952K
}
Event: 3.800 GC heap before
{Heap before GC invocations=1 (full 0):
 garbage-first heap   total 262144K, used 15275K [0x00000000e0000000, 0x0000000100000000)
  region size 1024K, 12 young (12288K), 2 survivors (2048K)
 Metaspace       used 9946K, capacity 10169K, committed 10368K, reserved 264192K
  class space    used 988K, capacity 1072K, committed 1152K, reserved 253952K
}
Event: 3.812 GC heap after
{Heap after GC invocations=2 (full 0):
 garbage-first heap   total 262144K, used 9216K [0x00000000e0000000, 0x0000000100000000)
  region size 1024K, 2 young (2048K), 2 survivors (2048K)
 Metaspace       used 9946K, capacity 10169K, committed 10368K, reserved 264192K
  class space    used 988K, capacity 1072K, committed 1152K, reserved 253952K
}
Event: 4.768 GC heap before
{Heap before GC invocations=2 (full 0):
 garbage-first heap   total 262144K, used 23552K [0x00000000e0000000, 0x0000000100000000)
  region size 1024K, 16 young (16384K), 2 survivors (2048K)
 Metaspace       used 11230K, capacity 11511K, committed 11776K, reserved 266240K
  class space    used 1146K, capacity 1242K, committed 1280K, reserved 253952K
}
Event: 4.774 GC heap after
{Heap after GC invocations=3 (full 0):
 garbage-first heap   total 262144K, used 9825K [0x00000000e0000000, 0x0000000100000000)
  region size 1024K, 1 young (1024K), 1 survivors (1024K)
 Metaspace       used 11230K, capacity 11511K, committed 11776K, reserved 266240K
  class space    used 1146K, capacity 1242K, committed 1280K, reserved 253952K
}
Event: 5.544 GC heap before
{Heap before GC invocations=3 (full 0):
 garbage-first heap   total 262144K, used 29281K [0x00000000e0000000, 0x0000000100000000)
  region size 1024K, 20 young (20480K), 1 survivors (1024K)
 Metaspace       used 11345K, capacity 11639K, committed 11776K, reserved 266240K
  class space    used 1149K, capacity 1242K, committed 1280K, reserved 253952K
}
Event: 5.556 GC heap after
{Heap after GC invocations=4 (full 0):
 garbage-first heap   total 262144K, used 13695K [0x00000000e0000000, 0x0000000100000000)
  region size 1024K, 3 young (3072K), 3 survivors (3072K)
 Metaspace       used 11345K, capacity 11639K, committed 11776K, reserved 266240K
  class space    used 1149K, capacity 1242K, committed 1280K, reserved 253952K
}
Event: 8.979 GC heap before
{Heap before GC invocations=4 (full 0):
 garbage-first heap   total 262144K, used 40319K [0x00000000e0000000, 0x0000000100000000)
  region size 1024K, 29 young (29696K), 3 survivors (3072K)
 Metaspace       used 16301K, capacity 16708K, committed 16896K, reserved 270336K
  class space    used 1828K, capacity 1933K, committed 2048K, reserved 253952K
}
Event: 8.992 GC heap after
{Heap after GC invocations=5 (full 0):
 garbage-first heap   total 262144K, used 16063K [0x00000000e0000000, 0x0000000100000000)
  region size 1024K, 3 young (3072K), 3 survivors (3072K)
 Metaspace       used 16301K, capacity 16708K, committed 16896K, reserved 270336K
  class space    used 1828K, capacity 1933K, committed 2048K, reserved 253952K
}
Event: 10.485 GC heap before
{Heap before GC invocations=5 (full 0):
 garbage-first heap   total 262144K, used 51903K [0x00000000e0000000, 0x0000000100000000)
  region size 1024K, 38 young (38912K), 3 survivors (3072K)
 Metaspace       used 20619K, capacity 21078K, committed 21120K, reserved 272384K
  class space    used 2483K, capacity 2648K, committed 2688K, reserved 253952K
}
Event: 10.499 GC heap after
{Heap after GC invocations=6 (full 0):
 garbage-first heap   total 262144K, used 17364K [0x00000000e0000000, 0x0000000100000000)
  region size 1024K, 4 young (4096K), 4 survivors (4096K)
 Metaspace       used 20619K, capacity 21078K, committed 21120K, reserved 272384K
  class space    used 2483K, capacity 2648K, committed 2688K, reserved 253952K
}
Event: 10.611 GC heap before
{Heap before GC invocations=6 (full 0):
 garbage-first heap   total 262144K, used 20436K [0x00000000e0000000, 0x0000000100000000)
  region size 1024K, 8 young (8192K), 4 survivors (4096K)
 Metaspace       used 20842K, capacity 21250K, committed 21296K, reserved 274432K
  class space    used 2521K, capacity 2683K, committed 2688K, reserved 253952K
}
Event: 10.624 GC heap after
{Heap after GC invocations=7 (full 0):
 garbage-first heap   total 262144K, used 17389K [0x00000000e0000000, 0x0000000100000000)
  region size 1024K, 4 young (4096K), 4 survivors (4096K)
 Metaspace       used 20842K, capacity 21250K, committed 21296K, reserved 274432K
  class space    used 2521K, capacity 2683K, committed 2688K, reserved 253952K
}

