# JRE version: OpenJDK Runtime Environment Temurin-11.0.19+7 (11.0.19+7) (build 11.0.19+7)
# Java VM: OpenJDK 64-Bit Server VM Temurin-11.0.19+7 (11.0.19+7, mixed mode, tiered, compressed oops, g1 gc, windows-amd64)
Heap:
 garbage-first heap   total 262144K, used 182784K [0x00000000e0000000, 0x0000000100000000)
  region size 1024K, 146 young (149504K), 8 survivors (8192K)
 Metaspace       used 72365K, capacity 74634K, committed 74800K, reserved 319488K
  class space    used 9440K, capacity 10265K, committed 10368K, reserved 253952K
GC Heap History (20 events):
Event: 12.704 GC heap before
{Heap before GC invocations=8 (full 0):
 garbage-first heap   total 262144K, used 68978K [0x00000000e0000000, 0x0000000100000000)
  region size 1024K, 54 young (55296K), 4 survivors (4096K)
 Metaspace       used 26137K, capacity 26749K, committed 26928K, reserved 278528K
  class space    used 3375K, capacity 3589K, committed 3712K, reserved 253952K
}
Event: 12.723 GC heap after
{Heap after GC invocations=9 (full 0):
 garbage-first heap   total 262144K, used 19271K [0x00000000e0000000, 0x0000000100000000)
  region size 1024K, 5 young (5120K), 5 survivors (5120K)
 Metaspace       used 26137K, capacity 26749K, committed 26928K, reserved 278528K
  class space    used 3375K, capacity 3589K, committed 3712K, reserved 253952K
}
Event: 15.597 GC heap before
{Heap before GC invocations=9 (full 0):
 garbage-first heap   total 262144K, used 92999K [0x00000000e0000000, 0x0000000100000000)
  region size 1024K, 78 young (79872K), 5 survivors (5120K)
 Metaspace       used 34962K, capacity 35802K, committed 35888K, reserved 286720K
  class space    used 4600K, capacity 4930K, committed 4992K, reserved 253952K
}
Event: 15.628 GC heap after
{Heap after GC invocations=10 (full 0):
 garbage-first heap   total 262144K, used 22343K [0x00000000e0000000, 0x0000000100000000)
  region size 1024K, 8 young (8192K), 8 survivors (8192K)
 Metaspace       used 34962K, capacity 35802K, committed 35888K, reserved 286720K
  class space    used 4600K, capacity 4930K, committed 4992K, reserved 253952K
}
Event: 20.340 GC heap before
{Heap before GC invocations=11 (full 0):
 garbage-first heap   total 262144K, used 120647K [0x00000000e0000000, 0x0000000100000000)
  region size 1024K, 101 young (103424K), 8 survivors (8192K)
 Metaspace       used 46533K, capacity 47728K, committed 47792K, reserved 296960K
  class space    used 5947K, capacity 6383K, committed 6400K, reserved 253952K
}
Event: 20.429 GC heap after
{Heap after GC invocations=12 (full 0):
 garbage-first heap   total 262144K, used 29300K [0x00000000e0000000, 0x0000000100000000)
  region size 1024K, 13 young (13312K), 13 survivors (13312K)
 Metaspace       used 46533K, capacity 47728K, committed 47792K, reserved 296960K
  class space    used 5947K, capacity 6383K, committed 6400K, reserved 253952K
}
Event: 30.869 GC heap before
{Heap before GC invocations=12 (full 0):
 garbage-first heap   total 262144K, used 135796K [0x00000000e0000000, 0x0000000100000000)
  region size 1024K, 117 young (119808K), 13 survivors (13312K)
 Metaspace       used 55996K, capacity 57438K, committed 57648K, reserved 305152K
  class space    used 7246K, capacity 7783K, committed 7808K, reserved 253952K
}
Event: 30.942 GC heap after
{Heap after GC invocations=13 (full 0):
 garbage-first heap   total 262144K, used 35323K [0x00000000e0000000, 0x0000000100000000)
  region size 1024K, 13 young (13312K), 13 survivors (13312K)
 Metaspace       used 55996K, capacity 57438K, committed 57648K, reserved 305152K
  class space    used 7246K, capacity 7783K, committed 7808K, reserved 253952K
}
Event: 32.565 GC heap before
{Heap before GC invocations=13 (full 0):
 garbage-first heap   total 262144K, used 69115K [0x00000000e0000000, 0x0000000100000000)
  region size 1024K, 47 young (48128K), 13 survivors (13312K)
 Metaspace       used 58546K, capacity 60130K, committed 60208K, reserved 307200K
  class space    used 7644K, capacity 8251K, committed 8320K, reserved 253952K
}
Event: 32.620 GC heap after
{Heap after GC invocations=14 (full 0):
 garbage-first heap   total 262144K, used 37292K [0x00000000e0000000, 0x0000000100000000)
  region size 1024K, 9 young (9216K), 9 survivors (9216K)
 Metaspace       used 58546K, capacity 60130K, committed 60208K, reserved 307200K
  class space    used 7644K, capacity 8251K, committed 8320K, reserved 253952K
}
Event: 39.494 GC heap before
{Heap before GC invocations=15 (full 0):
 garbage-first heap   total 262144K, used 130476K [0x00000000e0000000, 0x0000000100000000)
  region size 1024K, 100 young (102400K), 9 survivors (9216K)
 Metaspace       used 70957K, capacity 73202K, committed 73392K, reserved 317440K
  class space    used 9368K, capacity 10202K, committed 10240K, reserved 253952K
}
Event: 39.549 GC heap after
{Heap after GC invocations=16 (full 0):
 garbage-first heap   total 262144K, used 43823K [0x00000000e0000000, 0x0000000100000000)
  region size 1024K, 8 young (8192K), 8 survivors (8192K)
 Metaspace       used 70957K, capacity 73202K, committed 73392K, reserved 317440K
  class space    used 9368K, capacity 10202K, committed 10240K, reserved 253952K
}
Event: 42.658 GC heap before
{Heap before GC invocations=16 (full 0):
 garbage-first heap   total 262144K, used 160559K [0x00000000e0000000, 0x0000000100000000)
  region size 1024K, 122 young (124928K), 8 survivors (8192K)
 Metaspace       used 71444K, capacity 73712K, committed 74032K, reserved 319488K
  class space    used 9397K, capacity 10241K, committed 10368K, reserved 253952K
}
Event: 42.688 GC heap after
{Heap after GC invocations=17 (full 0):
 garbage-first heap   total 262144K, used 43520K [0x00000000e0000000, 0x0000000100000000)
  region size 1024K, 8 young (8192K), 8 survivors (8192K)
 Metaspace       used 71444K, capacity 73712K, committed 74032K, reserved 319488K
  class space    used 9397K, capacity 10241K, committed 10368K, reserved 253952K
}
Event: 45.076 GC heap before
{Heap before GC invocations=17 (full 0):
 garbage-first heap   total 262144K, used 185856K [0x00000000e0000000, 0x0000000100000000)
  region size 1024K, 148 young (151552K), 8 survivors (8192K)
 Metaspace       used 71497K, capacity 73781K, committed 74032K, reserved 319488K
  class space    used 9397K, capacity 10241K, committed 10368K, reserved 253952K
}
Event: 45.104 GC heap after
{Heap after GC invocations=18 (full 0):
 garbage-first heap   total 262144K, used 44032K [0x00000000e0000000, 0x0000000100000000)
  region size 1024K, 8 young (8192K), 8 survivors (8192K)
 Metaspace       used 71497K, capacity 73781K, committed 74032K, reserved 319488K
  class space    used 9397K, capacity 10241K, committed 10368K, reserved 253952K
}
Event: 47.158 GC heap before
{Heap before GC invocations=18 (full 0):
 garbage-first heap   total 262144K, used 191488K [0x00000000e0000000, 0x0000000100000000)
  region size 1024K, 152 young (155648K), 8 survivors (8192K)
 Metaspace       used 71510K, capacity 73781K, committed 74032K, reserved 319488K
  class space    used 9397K, capacity 10241K, committed 10368K, reserved 253952K
}
Event: 47.184 GC heap after
{Heap after GC invocations=19 (full 0):
 garbage-first heap   total 262144K, used 44032K [0x00000000e0000000, 0x0000000100000000)
  region size 1024K, 8 young (8192K), 8 survivors (8192K)
 Metaspace       used 71510K, capacity 73781K, committed 74032K, reserved 319488K
  class space    used 9397K, capacity 10241K, committed 10368K, reserved 253952K
}
Event: 48.742 GC heap before
{Heap before GC invocations=19 (full 0):
 garbage-first heap   total 262144K, used 192512K [0x00000000e0000000, 0x0000000100000000)
  region size 1024K, 153 young (156672K), 8 survivors (8192K)
 Metaspace       used 71529K, capacity 73782K, committed 74032K, reserved 319488K
  class space    used 9397K, capacity 10241K, committed 10368K, reserved 253952K
}
Event: 48.767 GC heap after
{Heap after GC invocations=20 (full 0):
 garbage-first heap   total 262144K, used 43520K [0x00000000e0000000, 0x0000000100000000)
  region size 1024K, 8 young (8192K), 8 survivors (8192K)
 Metaspace       used 71529K, capacity 73782K, committed 74032K, reserved 319488K
  class space    used 9397K, capacity 10241K, committed 10368K, reserved 253952K
}

