# JRE version: OpenJDK Runtime Environment Temurin-11.0.19+7 (11.0.19+7) (build 11.0.19+7)
# Java VM: OpenJDK 64-Bit Server VM Temurin-11.0.19+7 (11.0.19+7, mixed mode, tiered, compressed oops, g1 gc, windows-amd64)
Heap:
 garbage-first heap   total 262144K, used 81920K [0x00000000e0000000, 0x0000000100000000)
  region size 1024K, 65 young (66560K), 9 survivors (9216K)
 Metaspace       used 41574K, capacity 42633K, committed 42672K, reserved 292864K
  class space    used 5246K, capacity 5621K, committed 5632K, reserved 253952K
GC Heap History (18 events):
Event: 1.212 GC heap before
{Heap before GC invocations=0 (full 0):
 garbage-first heap   total 262144K, used 12288K [0x00000000e0000000, 0x0000000100000000)
  region size 1024K, 12 young (12288K), 0 survivors (0K)
 Metaspace       used 6752K, capacity 6937K, committed 7168K, reserved 262144K
  class space    used 573K, capacity 650K, committed 768K, reserved 253952K
}
Event: 1.220 GC heap after
{Heap after GC invocations=1 (full 0):
 garbage-first heap   total 262144K, used 3165K [0x00000000e0000000, 0x0000000100000000)
  region size 1024K, 2 young (2048K), 2 survivors (2048K)
 Metaspace       used 6752K, capacity 6937K, committed 7168K, reserved 262144K
  class space    used 573K, capacity 650K, committed 768K, reserved 253952K
}
Event: 2.072 GC heap before
{Heap before GC invocations=1 (full 0):
 garbage-first heap   total 262144K, used 15453K [0x00000000e0000000, 0x0000000100000000)
  region size 1024K, 12 young (12288K), 2 survivors (2048K)
 Metaspace       used 9962K, capacity 10237K, committed 10368K, reserved 264192K
  class space    used 988K, capacity 1072K, committed 1152K, reserved 253952K
}
Event: 2.081 GC heap after
{Heap after GC invocations=2 (full 0):
 garbage-first heap   total 262144K, used 9640K [0x00000000e0000000, 0x0000000100000000)
  region size 1024K, 2 young (2048K), 2 survivors (2048K)
 Metaspace       used 9962K, capacity 10237K, committed 10368K, reserved 264192K
  class space    used 988K, capacity 1072K, committed 1152K, reserved 253952K
}
Event: 2.873 GC heap before
{Heap before GC invocations=2 (full 0):
 garbage-first heap   total 262144K, used 23976K [0x00000000e0000000, 0x0000000100000000)
  region size 1024K, 16 young (16384K), 2 survivors (2048K)
 Metaspace       used 11214K, capacity 11451K, committed 11520K, reserved 264192K
  class space    used 1146K, capacity 1242K, committed 1280K, reserved 253952K
}
Event: 2.877 GC heap after
{Heap after GC invocations=3 (full 0):
 garbage-first heap   total 262144K, used 10301K [0x00000000e0000000, 0x0000000100000000)
  region size 1024K, 1 young (1024K), 1 survivors (1024K)
 Metaspace       used 11214K, capacity 11451K, committed 11520K, reserved 264192K
  class space    used 1146K, capacity 1242K, committed 1280K, reserved 253952K
}
Event: 3.511 GC heap before
{Heap before GC invocations=3 (full 0):
 garbage-first heap   total 262144K, used 29757K [0x00000000e0000000, 0x0000000100000000)
  region size 1024K, 20 young (20480K), 1 survivors (1024K)
 Metaspace       used 11344K, capacity 11643K, committed 11776K, reserved 266240K
  class space    used 1149K, capacity 1242K, committed 1280K, reserved 253952K
}
Event: 3.518 GC heap after
{Heap after GC invocations=4 (full 0):
 garbage-first heap   total 262144K, used 14582K [0x00000000e0000000, 0x0000000100000000)
  region size 1024K, 3 young (3072K), 3 survivors (3072K)
 Metaspace       used 11344K, capacity 11643K, committed 11776K, reserved 266240K
  class space    used 1149K, capacity 1242K, committed 1280K, reserved 253952K
}
Event: 7.120 GC heap before
{Heap before GC invocations=4 (full 0):
 garbage-first heap   total 262144K, used 41206K [0x00000000e0000000, 0x0000000100000000)
  region size 1024K, 29 young (29696K), 3 survivors (3072K)
 Metaspace       used 16187K, capacity 16584K, committed 16896K, reserved 270336K
  class space    used 1814K, capacity 1933K, committed 2048K, reserved 253952K
}
Event: 7.131 GC heap after
{Heap after GC invocations=5 (full 0):
 garbage-first heap   total 262144K, used 16442K [0x00000000e0000000, 0x0000000100000000)
  region size 1024K, 3 young (3072K), 3 survivors (3072K)
 Metaspace       used 16187K, capacity 16584K, committed 16896K, reserved 270336K
  class space    used 1814K, capacity 1933K, committed 2048K, reserved 253952K
}
Event: 8.036 GC heap before
{Heap before GC invocations=5 (full 0):
 garbage-first heap   total 262144K, used 52282K [0x00000000e0000000, 0x0000000100000000)
  region size 1024K, 39 young (39936K), 3 survivors (3072K)
 Metaspace       used 20614K, capacity 21082K, committed 21296K, reserved 274432K
  class space    used 2482K, capacity 2648K, committed 2688K, reserved 253952K
}
Event: 8.049 GC heap after
{Heap after GC invocations=6 (full 0):
 garbage-first heap   total 262144K, used 17724K [0x00000000e0000000, 0x0000000100000000)
  region size 1024K, 4 young (4096K), 4 survivors (4096K)
 Metaspace       used 20614K, capacity 21082K, committed 21296K, reserved 274432K
  class space    used 2482K, capacity 2648K, committed 2688K, reserved 253952K
}
Event: 8.068 GC heap before
{Heap before GC invocations=6 (full 0):
 garbage-first heap   total 262144K, used 19772K [0x00000000e0000000, 0x0000000100000000)
  region size 1024K, 7 young (7168K), 4 survivors (4096K)
 Metaspace       used 20696K, capacity 21146K, committed 21296K, reserved 274432K
  class space    used 2496K, capacity 2648K, committed 2688K, reserved 253952K
}
Event: 8.078 GC heap after
{Heap after GC invocations=7 (full 0):
 garbage-first heap   total 262144K, used 17960K [0x00000000e0000000, 0x0000000100000000)
  region size 1024K, 4 young (4096K), 4 survivors (4096K)
 Metaspace       used 20696K, capacity 21146K, committed 21296K, reserved 274432K
  class space    used 2496K, capacity 2648K, committed 2688K, reserved 253952K
}
Event: 12.237 GC heap before
{Heap before GC invocations=8 (full 0):
 garbage-first heap   total 262144K, used 146984K [0x00000000e0000000, 0x0000000100000000)
  region size 1024K, 130 young (133120K), 4 survivors (4096K)
 Metaspace       used 34483K, capacity 35412K, committed 35632K, reserved 284672K
  class space    used 4571K, capacity 4927K, committed 4992K, reserved 253952K
}
Event: 12.268 GC heap after
{Heap after GC invocations=9 (full 0):
 garbage-first heap   total 262144K, used 22845K [0x00000000e0000000, 0x0000000100000000)
  region size 1024K, 9 young (9216K), 9 survivors (9216K)
 Metaspace       used 34483K, capacity 35412K, committed 35632K, reserved 284672K
  class space    used 4571K, capacity 4927K, committed 4992K, reserved 253952K
}
Event: 12.339 GC heap before
{Heap before GC invocations=9 (full 0):
 garbage-first heap   total 262144K, used 24893K [0x00000000e0000000, 0x0000000100000000)
  region size 1024K, 12 young (12288K), 9 survivors (9216K)
 Metaspace       used 34965K, capacity 35805K, committed 35888K, reserved 286720K
  class space    used 4603K, capacity 4930K, committed 4992K, reserved 253952K
}
Event: 12.373 GC heap after
{Heap after GC invocations=10 (full 0):
 garbage-first heap   total 262144K, used 23552K [0x00000000e0000000, 0x0000000100000000)
  region size 1024K, 9 young (9216K), 9 survivors (9216K)
 Metaspace       used 34965K, capacity 35805K, committed 35888K, reserved 286720K
  class space    used 4603K, capacity 4930K, committed 4992K, reserved 253952K
}

