# JRE version: OpenJDK Runtime Environment Temurin-11.0.19+7 (11.0.19+7) (build 11.0.19+7)
# Java VM: OpenJDK 64-Bit Server VM Temurin-11.0.19+7 (11.0.19+7, mixed mode, tiered, compressed oops, g1 gc, windows-amd64)
Heap:
 garbage-first heap   total 61440K, used 12321K [0x00000000e0000000, 0x0000000100000000)
  region size 1024K, 1 young (1024K), 1 survivors (1024K)
 Metaspace       used 22200K, capacity 22867K, committed 23040K, reserved 1077248K
  class space    used 2429K, capacity 2706K, committed 2816K, reserved 1048576K
GC Heap History (14 events):
Event: 2.381 GC heap before
{Heap before GC invocations=0 (full 0):
 garbage-first heap   total 61440K, used 6144K [0x00000000e0000000, 0x0000000100000000)
  region size 1024K, 7 young (7168K), 0 survivors (0K)
 Metaspace       used 9057K, capacity 9266K, committed 9472K, reserved 1058816K
  class space    used 883K, capacity 968K, committed 1024K, reserved 1048576K
}
Event: 2.389 GC heap after
{Heap after GC invocations=1 (full 0):
 garbage-first heap   total 61440K, used 2558K [0x00000000e0000000, 0x0000000100000000)
  region size 1024K, 1 young (1024K), 1 survivors (1024K)
 Metaspace       used 9057K, capacity 9266K, committed 9472K, reserved 1058816K
  class space    used 883K, capacity 968K, committed 1024K, reserved 1048576K
}
Event: 2.696 GC heap before
{Heap before GC invocations=1 (full 0):
 garbage-first heap   total 61440K, used 5630K [0x00000000e0000000, 0x0000000100000000)
  region size 1024K, 4 young (4096K), 1 survivors (1024K)
 Metaspace       used 9211K, capacity 9426K, committed 9472K, reserved 1058816K
  class space    used 890K, capacity 1000K, committed 1024K, reserved 1048576K
}
Event: 2.700 GC heap after
{Heap after GC invocations=2 (full 0):
 garbage-first heap   total 61440K, used 4475K [0x00000000e0000000, 0x0000000100000000)
  region size 1024K, 1 young (1024K), 1 survivors (1024K)
 Metaspace       used 9211K, capacity 9426K, committed 9472K, reserved 1058816K
  class space    used 890K, capacity 1000K, committed 1024K, reserved 1048576K
}
Event: 4.643 GC heap before
{Heap before GC invocations=2 (full 0):
 garbage-first heap   total 61440K, used 15739K [0x00000000e0000000, 0x0000000100000000)
  region size 1024K, 12 young (12288K), 1 survivors (1024K)
 Metaspace       used 12856K, capacity 13172K, committed 13312K, reserved 1060864K
  class space    used 1331K, capacity 1420K, committed 1536K, reserved 1048576K
}
Event: 4.652 GC heap after
{Heap after GC invocations=3 (full 0):
 garbage-first heap   total 61440K, used 7025K [0x00000000e0000000, 0x0000000100000000)
  region size 1024K, 2 young (2048K), 2 survivors (2048K)
 Metaspace       used 12856K, capacity 13172K, committed 13312K, reserved 1060864K
  class space    used 1331K, capacity 1420K, committed 1536K, reserved 1048576K
}
Event: 6.755 GC heap before
{Heap before GC invocations=3 (full 0):
 garbage-first heap   total 61440K, used 21361K [0x00000000e0000000, 0x0000000100000000)
  region size 1024K, 16 young (16384K), 2 survivors (2048K)
 Metaspace       used 15620K, capacity 16281K, committed 16384K, reserved 1062912K
  class space    used 1747K, capacity 1959K, committed 2048K, reserved 1048576K
}
Event: 6.771 GC heap after
{Heap after GC invocations=4 (full 0):
 garbage-first heap   total 61440K, used 7701K [0x00000000e0000000, 0x0000000100000000)
  region size 1024K, 1 young (1024K), 1 survivors (1024K)
 Metaspace       used 15620K, capacity 16281K, committed 16384K, reserved 1062912K
  class space    used 1747K, capacity 1959K, committed 2048K, reserved 1048576K
}
Event: 10.063 GC heap before
{Heap before GC invocations=4 (full 0):
 garbage-first heap   total 61440K, used 27157K [0x00000000e0000000, 0x0000000100000000)
  region size 1024K, 20 young (20480K), 1 survivors (1024K)
 Metaspace       used 19689K, capacity 20418K, committed 20736K, reserved 1067008K
  class space    used 2186K, capacity 2464K, committed 2560K, reserved 1048576K
}
Event: 10.074 GC heap after
{Heap after GC invocations=5 (full 0):
 garbage-first heap   total 61440K, used 9929K [0x00000000e0000000, 0x0000000100000000)
  region size 1024K, 3 young (3072K), 3 survivors (3072K)
 Metaspace       used 19689K, capacity 20418K, committed 20736K, reserved 1067008K
  class space    used 2186K, capacity 2464K, committed 2560K, reserved 1048576K
}
Event: 12.715 GC heap before
{Heap before GC invocations=5 (full 0):
 garbage-first heap   total 61440K, used 20169K [0x00000000e0000000, 0x0000000100000000)
  region size 1024K, 15 young (15360K), 3 survivors (3072K)
 Metaspace       used 20512K, capacity 21186K, committed 21248K, reserved 1069056K
  class space    used 2230K, capacity 2507K, committed 2560K, reserved 1048576K
}
Event: 12.732 GC heap after
{Heap after GC invocations=6 (full 0):
 garbage-first heap   total 61440K, used 11917K [0x00000000e0000000, 0x0000000100000000)
  region size 1024K, 2 young (2048K), 2 survivors (2048K)
 Metaspace       used 20512K, capacity 21186K, committed 21248K, reserved 1069056K
  class space    used 2230K, capacity 2507K, committed 2560K, reserved 1048576K
}
Event: 13.359 GC heap before
{Heap before GC invocations=7 (full 0):
 garbage-first heap   total 61440K, used 16013K [0x00000000e0000000, 0x0000000100000000)
  region size 1024K, 7 young (7168K), 2 survivors (2048K)
 Metaspace       used 22200K, capacity 22867K, committed 23040K, reserved 1075200K
  class space    used 2429K, capacity 2706K, committed 2816K, reserved 1048576K
}
Event: 13.369 GC heap after
{Heap after GC invocations=8 (full 0):
 garbage-first heap   total 61440K, used 12321K [0x00000000e0000000, 0x0000000100000000)
  region size 1024K, 1 young (1024K), 1 survivors (1024K)
 Metaspace       used 22200K, capacity 22867K, committed 23040K, reserved 1075200K
  class space    used 2429K, capacity 2706K, committed 2816K, reserved 1048576K
}

