# JRE version: OpenJDK Runtime Environment Temurin-11.0.19+7 (11.0.19+7) (build 11.0.19+7)
# Java VM: OpenJDK 64-Bit Server VM Temurin-11.0.19+7 (11.0.19+7, mixed mode, tiered, compressed oops, g1 gc, windows-amd64)
Heap:
 garbage-first heap   total 61440K, used 33558K [0x00000000e0000000, 0x0000000100000000)
  region size 1024K, 22 young (22528K), 1 survivors (1024K)
 Metaspace       used 27335K, capacity 28264K, committed 28416K, reserved 1075200K
  class space    used 3133K, capacity 3492K, committed 3584K, reserved 1048576K
GC Heap History (14 events):
Event: 1.581 GC heap before
{Heap before GC invocations=0 (full 0):
 garbage-first heap   total 61440K, used 6144K [0x00000000e0000000, 0x0000000100000000)
  region size 1024K, 7 young (7168K), 0 survivors (0K)
 Metaspace       used 9078K, capacity 9266K, committed 9472K, reserved 1058816K
  class space    used 883K, capacity 968K, committed 1024K, reserved 1048576K
}
Event: 1.598 GC heap after
{Heap after GC invocations=1 (full 0):
 garbage-first heap   total 61440K, used 2519K [0x00000000e0000000, 0x0000000100000000)
  region size 1024K, 1 young (1024K), 1 survivors (1024K)
 Metaspace       used 9078K, capacity 9266K, committed 9472K, reserved 1058816K
  class space    used 883K, capacity 968K, committed 1024K, reserved 1048576K
}
Event: 2.001 GC heap before
{Heap before GC invocations=1 (full 0):
 garbage-first heap   total 61440K, used 5591K [0x00000000e0000000, 0x0000000100000000)
  region size 1024K, 4 young (4096K), 1 survivors (1024K)
 Metaspace       used 9228K, capacity 9490K, committed 9728K, reserved 1058816K
  class space    used 890K, capacity 1000K, committed 1024K, reserved 1048576K
}
Event: 2.006 GC heap after
{Heap after GC invocations=2 (full 0):
 garbage-first heap   total 61440K, used 4194K [0x00000000e0000000, 0x0000000100000000)
  region size 1024K, 1 young (1024K), 1 survivors (1024K)
 Metaspace       used 9228K, capacity 9490K, committed 9728K, reserved 1058816K
  class space    used 890K, capacity 1000K, committed 1024K, reserved 1048576K
}
Event: 3.872 GC heap before
{Heap before GC invocations=2 (full 0):
 garbage-first heap   total 61440K, used 14434K [0x00000000e0000000, 0x0000000100000000)
  region size 1024K, 12 young (12288K), 1 survivors (1024K)
 Metaspace       used 12868K, capacity 13172K, committed 13312K, reserved 1060864K
  class space    used 1332K, capacity 1420K, committed 1536K, reserved 1048576K
}
Event: 3.883 GC heap after
{Heap after GC invocations=3 (full 0):
 garbage-first heap   total 61440K, used 7070K [0x00000000e0000000, 0x0000000100000000)
  region size 1024K, 2 young (2048K), 2 survivors (2048K)
 Metaspace       used 12868K, capacity 13172K, committed 13312K, reserved 1060864K
  class space    used 1332K, capacity 1420K, committed 1536K, reserved 1048576K
}
Event: 4.836 GC heap before
{Heap before GC invocations=3 (full 0):
 garbage-first heap   total 61440K, used 21406K [0x00000000e0000000, 0x0000000100000000)
  region size 1024K, 16 young (16384K), 2 survivors (2048K)
 Metaspace       used 15640K, capacity 16285K, committed 16384K, reserved 1062912K
  class space    used 1747K, capacity 1960K, committed 2048K, reserved 1048576K
}
Event: 4.847 GC heap after
{Heap after GC invocations=4 (full 0):
 garbage-first heap   total 61440K, used 7831K [0x00000000e0000000, 0x0000000100000000)
  region size 1024K, 1 young (1024K), 1 survivors (1024K)
 Metaspace       used 15640K, capacity 16285K, committed 16384K, reserved 1062912K
  class space    used 1747K, capacity 1960K, committed 2048K, reserved 1048576K
}
Event: 6.235 GC heap before
{Heap before GC invocations=4 (full 0):
 garbage-first heap   total 61440K, used 27287K [0x00000000e0000000, 0x0000000100000000)
  region size 1024K, 20 young (20480K), 1 survivors (1024K)
 Metaspace       used 19721K, capacity 20483K, committed 20736K, reserved 1067008K
  class space    used 2191K, capacity 2464K, committed 2560K, reserved 1048576K
}
Event: 6.248 GC heap after
{Heap after GC invocations=5 (full 0):
 garbage-first heap   total 61440K, used 10076K [0x00000000e0000000, 0x0000000100000000)
  region size 1024K, 3 young (3072K), 3 survivors (3072K)
 Metaspace       used 19721K, capacity 20483K, committed 20736K, reserved 1067008K
  class space    used 2191K, capacity 2464K, committed 2560K, reserved 1048576K
}
Event: 7.061 GC heap before
{Heap before GC invocations=5 (full 0):
 garbage-first heap   total 61440K, used 19292K [0x00000000e0000000, 0x0000000100000000)
  region size 1024K, 14 young (14336K), 3 survivors (3072K)
 Metaspace       used 20448K, capacity 21148K, committed 21248K, reserved 1069056K
  class space    used 2234K, capacity 2517K, committed 2560K, reserved 1048576K
}
Event: 7.084 GC heap after
{Heap after GC invocations=6 (full 0):
 garbage-first heap   total 61440K, used 11981K [0x00000000e0000000, 0x0000000100000000)
  region size 1024K, 2 young (2048K), 2 survivors (2048K)
 Metaspace       used 20448K, capacity 21148K, committed 21248K, reserved 1069056K
  class space    used 2234K, capacity 2517K, committed 2560K, reserved 1048576K
}
Event: 8.009 GC heap before
{Heap before GC invocations=7 (full 0):
 garbage-first heap   total 61440K, used 32461K [0x00000000e0000000, 0x0000000100000000)
  region size 1024K, 22 young (22528K), 2 survivors (2048K)
 Metaspace       used 23382K, capacity 24161K, committed 24320K, reserved 1071104K
  class space    used 2648K, capacity 2950K, committed 3072K, reserved 1048576K
}
Event: 8.017 GC heap after
{Heap after GC invocations=8 (full 0):
 garbage-first heap   total 61440K, used 13078K [0x00000000e0000000, 0x0000000100000000)
  region size 1024K, 1 young (1024K), 1 survivors (1024K)
 Metaspace       used 23382K, capacity 24161K, committed 24320K, reserved 1071104K
  class space    used 2648K, capacity 2950K, committed 3072K, reserved 1048576K
}

