# JRE version: OpenJDK Runtime Environment Temurin-11.0.19+7 (11.0.19+7) (build 11.0.19+7)
# Java VM: OpenJDK 64-Bit Server VM Temurin-11.0.19+7 (11.0.19+7, mixed mode, tiered, compressed oops, g1 gc, windows-amd64)
Heap:
 garbage-first heap   total 61440K, used 43248K [0x00000000e0000000, 0x0000000100000000)
  region size 1024K, 27 young (27648K), 2 survivors (2048K)
 Metaspace       used 31249K, capacity 32240K, committed 32512K, reserved 1077248K
  class space    used 3672K, capacity 4075K, committed 4096K, reserved 1048576K
GC Heap History (16 events):
Event: 1.559 GC heap before
{Heap before GC invocations=0 (full 0):
 garbage-first heap   total 61440K, used 6144K [0x00000000e0000000, 0x0000000100000000)
  region size 1024K, 7 young (7168K), 0 survivors (0K)
 Metaspace       used 9073K, capacity 9266K, committed 9472K, reserved 1058816K
  class space    used 883K, capacity 968K, committed 1024K, reserved 1048576K
}
Event: 1.583 GC heap after
{Heap after GC invocations=1 (full 0):
 garbage-first heap   total 61440K, used 2385K [0x00000000e0000000, 0x0000000100000000)
  region size 1024K, 1 young (1024K), 1 survivors (1024K)
 Metaspace       used 9073K, capacity 9266K, committed 9472K, reserved 1058816K
  class space    used 883K, capacity 968K, committed 1024K, reserved 1048576K
}
Event: 1.823 GC heap before
{Heap before GC invocations=1 (full 0):
 garbage-first heap   total 61440K, used 4433K [0x00000000e0000000, 0x0000000100000000)
  region size 1024K, 4 young (4096K), 1 survivors (1024K)
 Metaspace       used 9213K, capacity 9426K, committed 9472K, reserved 1058816K
  class space    used 890K, capacity 1000K, committed 1024K, reserved 1048576K
}
Event: 1.828 GC heap after
{Heap after GC invocations=2 (full 0):
 garbage-first heap   total 61440K, used 4174K [0x00000000e0000000, 0x0000000100000000)
  region size 1024K, 1 young (1024K), 1 survivors (1024K)
 Metaspace       used 9213K, capacity 9426K, committed 9472K, reserved 1058816K
  class space    used 890K, capacity 1000K, committed 1024K, reserved 1048576K
}
Event: 4.273 GC heap before
{Heap before GC invocations=2 (full 0):
 garbage-first heap   total 61440K, used 12366K [0x00000000e0000000, 0x0000000100000000)
  region size 1024K, 10 young (10240K), 1 survivors (1024K)
 Metaspace       used 12494K, capacity 12744K, committed 12928K, reserved 1060864K
  class space    used 1287K, capacity 1384K, committed 1408K, reserved 1048576K
}
Event: 4.283 GC heap after
{Heap after GC invocations=3 (full 0):
 garbage-first heap   total 61440K, used 7024K [0x00000000e0000000, 0x0000000100000000)
  region size 1024K, 2 young (2048K), 2 survivors (2048K)
 Metaspace       used 12494K, capacity 12744K, committed 12928K, reserved 1060864K
  class space    used 1287K, capacity 1384K, committed 1408K, reserved 1048576K
}
Event: 5.489 GC heap before
{Heap before GC invocations=3 (full 0):
 garbage-first heap   total 61440K, used 20336K [0x00000000e0000000, 0x0000000100000000)
  region size 1024K, 15 young (15360K), 2 survivors (2048K)
 Metaspace       used 15051K, capacity 15526K, committed 15744K, reserved 1062912K
  class space    used 1642K, capacity 1811K, committed 1920K, reserved 1048576K
}
Event: 5.496 GC heap after
{Heap after GC invocations=4 (full 0):
 garbage-first heap   total 61440K, used 7579K [0x00000000e0000000, 0x0000000100000000)
  region size 1024K, 1 young (1024K), 1 survivors (1024K)
 Metaspace       used 15051K, capacity 15526K, committed 15744K, reserved 1062912K
  class space    used 1642K, capacity 1811K, committed 1920K, reserved 1048576K
}
Event: 7.769 GC heap before
{Heap before GC invocations=4 (full 0):
 garbage-first heap   total 61440K, used 27035K [0x00000000e0000000, 0x0000000100000000)
  region size 1024K, 20 young (20480K), 1 survivors (1024K)
 Metaspace       used 19383K, capacity 20003K, committed 20096K, reserved 1067008K
  class space    used 2130K, capacity 2367K, committed 2432K, reserved 1048576K
}
Event: 7.780 GC heap after
{Heap after GC invocations=5 (full 0):
 garbage-first heap   total 61440K, used 9610K [0x00000000e0000000, 0x0000000100000000)
  region size 1024K, 3 young (3072K), 3 survivors (3072K)
 Metaspace       used 19383K, capacity 20003K, committed 20096K, reserved 1067008K
  class space    used 2130K, capacity 2367K, committed 2432K, reserved 1048576K
}
Event: 8.468 GC heap before
{Heap before GC invocations=5 (full 0):
 garbage-first heap   total 61440K, used 23946K [0x00000000e0000000, 0x0000000100000000)
  region size 1024K, 18 young (18432K), 3 survivors (3072K)
 Metaspace       used 20530K, capacity 21146K, committed 21248K, reserved 1069056K
  class space    used 2227K, capacity 2495K, committed 2560K, reserved 1048576K
}
Event: 8.488 GC heap after
{Heap after GC invocations=6 (full 0):
 garbage-first heap   total 61440K, used 12026K [0x00000000e0000000, 0x0000000100000000)
  region size 1024K, 3 young (3072K), 3 survivors (3072K)
 Metaspace       used 20530K, capacity 21146K, committed 21248K, reserved 1069056K
  class space    used 2227K, capacity 2495K, committed 2560K, reserved 1048576K
}
Event: 9.350 GC heap before
{Heap before GC invocations=7 (full 0):
 garbage-first heap   total 61440K, used 33530K [0x00000000e0000000, 0x0000000100000000)
  region size 1024K, 24 young (24576K), 3 survivors (3072K)
 Metaspace       used 23282K, capacity 23996K, committed 24192K, reserved 1071104K
  class space    used 2619K, capacity 2915K, committed 2944K, reserved 1048576K
}
Event: 9.361 GC heap after
{Heap after GC invocations=8 (full 0):
 garbage-first heap   total 61440K, used 12718K [0x00000000e0000000, 0x0000000100000000)
  region size 1024K, 1 young (1024K), 1 survivors (1024K)
 Metaspace       used 23282K, capacity 23996K, committed 24192K, reserved 1071104K
  class space    used 2619K, capacity 2915K, committed 2944K, reserved 1048576K
}
Event: 13.784 GC heap before
{Heap before GC invocations=8 (full 0):
 garbage-first heap   total 61440K, used 37294K [0x00000000e0000000, 0x0000000100000000)
  region size 1024K, 26 young (26624K), 1 survivors (1024K)
 Metaspace       used 27994K, capacity 28835K, committed 28928K, reserved 1075200K
  class space    used 3226K, capacity 3579K, committed 3584K, reserved 1048576K
}
Event: 13.790 GC heap after
{Heap after GC invocations=9 (full 0):
 garbage-first heap   total 61440K, used 13552K [0x00000000e0000000, 0x0000000100000000)
  region size 1024K, 2 young (2048K), 2 survivors (2048K)
 Metaspace       used 27994K, capacity 28835K, committed 28928K, reserved 1075200K
  class space    used 3226K, capacity 3579K, committed 3584K, reserved 1048576K
}

