# JRE version: OpenJDK Runtime Environment Temurin-11.0.19+7 (11.0.19+7) (build 11.0.19+7)
# Java VM: OpenJDK 64-Bit Server VM Temurin-11.0.19+7 (11.0.19+7, mixed mode, tiered, compressed oops, g1 gc, windows-amd64)
Heap:
 garbage-first heap   total 262144K, used 55782K [0x00000000e0000000, 0x0000000100000000)
  region size 1024K, 39 young (39936K), 12 survivors (12288K)
 Metaspace       used 48207K, capacity 49454K, committed 49584K, reserved 296960K
  class space    used 6163K, capacity 6645K, committed 6656K, reserved 253952K
GC Heap History (18 events):
Event: 1.082 GC heap before
{Heap before GC invocations=0 (full 0):
 garbage-first heap   total 262144K, used 11264K [0x00000000e0000000, 0x0000000100000000)
  region size 1024K, 12 young (12288K), 0 survivors (0K)
 Metaspace       used 6746K, capacity 6933K, committed 7168K, reserved 262144K
  class space    used 573K, capacity 650K, committed 768K, reserved 253952K
}
Event: 1.094 GC heap after
{Heap after GC invocations=1 (full 0):
 garbage-first heap   total 262144K, used 3398K [0x00000000e0000000, 0x0000000100000000)
  region size 1024K, 2 young (2048K), 2 survivors (2048K)
 Metaspace       used 6746K, capacity 6933K, committed 7168K, reserved 262144K
  class space    used 573K, capacity 650K, committed 768K, reserved 253952K
}
Event: 2.152 GC heap before
{Heap before GC invocations=1 (full 0):
 garbage-first heap   total 262144K, used 15686K [0x00000000e0000000, 0x0000000100000000)
  region size 1024K, 12 young (12288K), 2 survivors (2048K)
 Metaspace       used 9937K, capacity 10169K, committed 10368K, reserved 264192K
  class space    used 988K, capacity 1072K, committed 1152K, reserved 253952K
}
Event: 2.162 GC heap after
{Heap after GC invocations=2 (full 0):
 garbage-first heap   total 262144K, used 9325K [0x00000000e0000000, 0x0000000100000000)
  region size 1024K, 2 young (2048K), 2 survivors (2048K)
 Metaspace       used 9937K, capacity 10169K, committed 10368K, reserved 264192K
  class space    used 988K, capacity 1072K, committed 1152K, reserved 253952K
}
Event: 3.200 GC heap before
{Heap before GC invocations=2 (full 0):
 garbage-first heap   total 262144K, used 26733K [0x00000000e0000000, 0x0000000100000000)
  region size 1024K, 19 young (19456K), 2 survivors (2048K)
 Metaspace       used 11255K, capacity 11511K, committed 11776K, reserved 266240K
  class space    used 1146K, capacity 1242K, committed 1280K, reserved 253952K
}
Event: 3.208 GC heap after
{Heap after GC invocations=3 (full 0):
 garbage-first heap   total 262144K, used 10190K [0x00000000e0000000, 0x0000000100000000)
  region size 1024K, 1 young (1024K), 1 survivors (1024K)
 Metaspace       used 11255K, capacity 11511K, committed 11776K, reserved 266240K
  class space    used 1146K, capacity 1242K, committed 1280K, reserved 253952K
}
Event: 4.004 GC heap before
{Heap before GC invocations=3 (full 0):
 garbage-first heap   total 262144K, used 32718K [0x00000000e0000000, 0x0000000100000000)
  region size 1024K, 23 young (23552K), 1 survivors (1024K)
 Metaspace       used 11422K, capacity 11823K, committed 12160K, reserved 266240K
  class space    used 1170K, capacity 1282K, committed 1408K, reserved 253952K
}
Event: 4.013 GC heap after
{Heap after GC invocations=4 (full 0):
 garbage-first heap   total 262144K, used 14722K [0x00000000e0000000, 0x0000000100000000)
  region size 1024K, 3 young (3072K), 3 survivors (3072K)
 Metaspace       used 11422K, capacity 11823K, committed 12160K, reserved 266240K
  class space    used 1170K, capacity 1282K, committed 1408K, reserved 253952K
}
Event: 7.313 GC heap before
{Heap before GC invocations=4 (full 0):
 garbage-first heap   total 262144K, used 43394K [0x00000000e0000000, 0x0000000100000000)
  region size 1024K, 31 young (31744K), 3 survivors (3072K)
 Metaspace       used 17643K, capacity 18040K, committed 18304K, reserved 270336K
  class space    used 2030K, capacity 2145K, committed 2176K, reserved 253952K
}
Event: 7.338 GC heap after
{Heap after GC invocations=5 (full 0):
 garbage-first heap   total 262144K, used 16506K [0x00000000e0000000, 0x0000000100000000)
  region size 1024K, 3 young (3072K), 3 survivors (3072K)
 Metaspace       used 17643K, capacity 18040K, committed 18304K, reserved 270336K
  class space    used 2030K, capacity 2145K, committed 2176K, reserved 253952K
}
Event: 8.234 GC heap before
{Heap before GC invocations=5 (full 0):
 garbage-first heap   total 262144K, used 48250K [0x00000000e0000000, 0x0000000100000000)
  region size 1024K, 35 young (35840K), 3 survivors (3072K)
 Metaspace       used 20835K, capacity 21250K, committed 21296K, reserved 274432K
  class space    used 2520K, capacity 2683K, committed 2688K, reserved 253952K
}
Event: 8.248 GC heap after
{Heap after GC invocations=6 (full 0):
 garbage-first heap   total 262144K, used 17499K [0x00000000e0000000, 0x0000000100000000)
  region size 1024K, 4 young (4096K), 4 survivors (4096K)
 Metaspace       used 20835K, capacity 21250K, committed 21296K, reserved 274432K
  class space    used 2520K, capacity 2683K, committed 2688K, reserved 253952K
}
Event: 11.049 GC heap before
{Heap before GC invocations=7 (full 0):
 garbage-first heap   total 262144K, used 100443K [0x00000000e0000000, 0x0000000100000000)
  region size 1024K, 85 young (87040K), 4 survivors (4096K)
 Metaspace       used 29063K, capacity 29778K, committed 29872K, reserved 280576K
  class space    used 3820K, capacity 4093K, committed 4096K, reserved 253952K
}
Event: 11.073 GC heap after
{Heap after GC invocations=8 (full 0):
 garbage-first heap   total 262144K, used 20398K [0x00000000e0000000, 0x0000000100000000)
  region size 1024K, 6 young (6144K), 6 survivors (6144K)
 Metaspace       used 29063K, capacity 29778K, committed 29872K, reserved 280576K
  class space    used 3820K, capacity 4093K, committed 4096K, reserved 253952K
}
Event: 12.741 GC heap before
{Heap before GC invocations=8 (full 0):
 garbage-first heap   total 262144K, used 64430K [0x00000000e0000000, 0x0000000100000000)
  region size 1024K, 50 young (51200K), 6 survivors (6144K)
 Metaspace       used 34943K, capacity 35802K, committed 35888K, reserved 286720K
  class space    used 4599K, capacity 4930K, committed 4992K, reserved 253952K
}
Event: 12.769 GC heap after
{Heap after GC invocations=9 (full 0):
 garbage-first heap   total 262144K, used 22427K [0x00000000e0000000, 0x0000000100000000)
  region size 1024K, 8 young (8192K), 8 survivors (8192K)
 Metaspace       used 34943K, capacity 35802K, committed 35888K, reserved 286720K
  class space    used 4599K, capacity 4930K, committed 4992K, reserved 253952K
}
Event: 16.574 GC heap before
{Heap before GC invocations=10 (full 0):
 garbage-first heap   total 262144K, used 115611K [0x00000000e0000000, 0x0000000100000000)
  region size 1024K, 96 young (98304K), 8 survivors (8192K)
 Metaspace       used 45030K, capacity 46087K, committed 46256K, reserved 294912K
  class space    used 5657K, capacity 6046K, committed 6144K, reserved 253952K
}
Event: 16.627 GC heap after
{Heap after GC invocations=11 (full 0):
 garbage-first heap   total 262144K, used 29158K [0x00000000e0000000, 0x0000000100000000)
  region size 1024K, 12 young (12288K), 12 survivors (12288K)
 Metaspace       used 45030K, capacity 46087K, committed 46256K, reserved 294912K
  class space    used 5657K, capacity 6046K, committed 6144K, reserved 253952K
}

